Build started 30.07.2017 11:14:33.
     1>Project "C:\Users\Сергей\Documents\Visual Studio 2010\Projects\readFile\readFile\readFile.vcxproj" on node 2 (build target(s)).
     1>InitializeBuildStatus:
         Touching "Debug\readFile.unsuccessfulbuild".
       GenerateTargetFrameworkMonikerAttribute:
       Skipping target "GenerateTargetFrameworkMonikerAttribute" because all output files are up-to-date with respect to the input files.
       ClCompile:
         All outputs are up-to-date.
         All outputs are up-to-date.
         All outputs are up-to-date.
       ResourceCompile:
         All outputs are up-to-date.
       Link:
         C:\Program Files\Microsoft Visual Studio 10.0\VC\bin\link.exe /ERRORREPORT:PROMPT /OUT:"C:\Users\Сергей\Documents\Visual Studio 2010\Projects\readFile\Debug\readFile.exe" /INCREMENTAL:NO /NOLOGO /MANIFEST /ManifestFile:"Debug\readFile.exe.intermediate.manifest" /MANIFESTUAC:"level='asInvoker' uiAccess='false'" /DEBUG /PDB:"C:\Users\Сергей\Documents\Visual Studio 2010\Projects\readFile\Debug\readFile.pdb" /ASSEMBLYDEBUG /TLBID:1 /DYNAMICBASE /FIXED:NO /NXCOMPAT /MACHINE:X86 Debug\app.res
         Debug\AssemblyInfo.obj
         Debug\readFile.obj
         Debug\stdafx.obj
         "Debug\.NETFramework,Version=v4.0.AssemblyAttributes.obj"
     1>LINK : fatal error LNK1123: failure during conversion to COFF: file invalid or corrupt
     1>Done Building Project "C:\Users\Сергей\Documents\Visual Studio 2010\Projects\readFile\readFile\readFile.vcxproj" (build target(s)) -- FAILED.

Build FAILED.

Time Elapsed 00:00:00.20
